0 info it worked if it ends with ok
1 verbose cli [ '/usr/bin/node', '/usr/bin/npm', 'install', '--save', 'ampq' ]
2 info using npm@1.4.28
3 info using node@v0.10.32
4 verbose readDependencies using package.json deps
5 verbose cache add [ 'ampq', null ]
6 verbose cache add name=undefined spec="ampq" args=["ampq",null]
7 verbose parsed url { protocol: null,
7 verbose parsed url   slashes: null,
7 verbose parsed url   auth: null,
7 verbose parsed url   host: null,
7 verbose parsed url   port: null,
7 verbose parsed url   hostname: null,
7 verbose parsed url   hash: null,
7 verbose parsed url   search: null,
7 verbose parsed url   query: null,
7 verbose parsed url   pathname: 'ampq',
7 verbose parsed url   path: 'ampq',
7 verbose parsed url   href: 'ampq' }
8 silly lockFile 03139cd6-ampq ampq
9 verbose lock ampq /home/brianhsu/.npm/03139cd6-ampq.lock
10 silly lockFile 03139cd6-ampq ampq
11 silly lockFile 03139cd6-ampq ampq
12 verbose addNamed [ 'ampq', '' ]
13 verbose addNamed [ null, '*' ]
14 silly lockFile 4ea7438b-ampq ampq@
15 verbose lock ampq@ /home/brianhsu/.npm/4ea7438b-ampq.lock
16 silly addNameRange { name: 'ampq', range: '*', hasData: false }
17 verbose request where is /ampq
18 verbose request registry https://registry.npmjs.org/
19 verbose request id 6d40c07597baf4b9
20 verbose url raw /ampq
21 verbose url resolving [ 'https://registry.npmjs.org/', './ampq' ]
22 verbose url resolved https://registry.npmjs.org/ampq
23 verbose request where is https://registry.npmjs.org/ampq
24 info trying registry request attempt 1 at 08:27:22
25 http GET https://registry.npmjs.org/ampq
26 http 404 https://registry.npmjs.org/ampq
27 verbose headers { date: 'Sat, 18 Oct 2014 00:28:11 GMT',
27 verbose headers   server: 'CouchDB/1.5.0 (Erlang OTP/R14B04)',
27 verbose headers   'content-type': 'application/json',
27 verbose headers   'cache-control': 'max-age=0',
27 verbose headers   'content-length': '52',
27 verbose headers   'accept-ranges': 'bytes',
27 verbose headers   via: '1.1 varnish',
27 verbose headers   age: '0',
27 verbose headers   'x-served-by': 'cache-ty66-TYO',
27 verbose headers   'x-cache': 'MISS',
27 verbose headers   'x-cache-hits': '0',
27 verbose headers   'x-timer': 'S1413592090.363682,VS0,VE752',
27 verbose headers   'keep-alive': 'timeout=10, max=50',
27 verbose headers   connection: 'Keep-Alive' }
28 silly registry.get cb [ 404,
28 silly registry.get   { date: 'Sat, 18 Oct 2014 00:28:11 GMT',
28 silly registry.get     server: 'CouchDB/1.5.0 (Erlang OTP/R14B04)',
28 silly registry.get     'content-type': 'application/json',
28 silly registry.get     'cache-control': 'max-age=0',
28 silly registry.get     'content-length': '52',
28 silly registry.get     'accept-ranges': 'bytes',
28 silly registry.get     via: '1.1 varnish',
28 silly registry.get     age: '0',
28 silly registry.get     'x-served-by': 'cache-ty66-TYO',
28 silly registry.get     'x-cache': 'MISS',
28 silly registry.get     'x-cache-hits': '0',
28 silly registry.get     'x-timer': 'S1413592090.363682,VS0,VE752',
28 silly registry.get     'keep-alive': 'timeout=10, max=50',
28 silly registry.get     connection: 'Keep-Alive' } ]
29 silly lockFile 4ea7438b-ampq ampq@
30 silly lockFile 4ea7438b-ampq ampq@
31 error 404 404 Not Found: ampq
31 error 404
31 error 404 'ampq' is not in the npm registry.
31 error 404 You should bug the author to publish it
31 error 404 It was specified as a dependency of 'Alive_Server_Database'
31 error 404
31 error 404 Note that you can also install from a
31 error 404 tarball, folder, or http url, or git url.
32 error System Linux 3.16.1-gentoo
33 error command "/usr/bin/node" "/usr/bin/npm" "install" "--save" "ampq"
34 error cwd /home/brianhsu/zh800/mongodb
35 error node -v v0.10.32
36 error npm -v 1.4.28
37 error code E404
38 verbose exit [ 1, true ]
